<?xml version="1.0" encoding="UTF-8"?>
<!-- Generated by org.testng.reporters.JUnitXMLReporter -->
<testsuite ignored="0" hostname="MACs-MacBook-Pro.local" failures="1" tests="1" name="Gradle test" time="0.057" errors="0" timestamp="2021-01-19T16:48:23 IST">
  <testcase classname="Java11_Var_VariableTest" name="testTest12" time="0.009">
    <failure type="java.lang.AssertionError" message="value mot equals expected [6] but found [8]">
      <![CDATA[java.lang.AssertionError: value mot equals expected [6] but found [8]
at Java11_Var_VariableTest.testTest12(Java11_Var_VariableTest.java:11)
at java.base/java.util.ArrayList.forEach(ArrayList.java:1541)
at com.sun.proxy.$Proxy2.stop(Unknown Source)
at java.base/java.util.concurrent.ThreadPoolExecutor.runWorker(ThreadPoolExecutor.java:1128)
at java.base/java.util.concurrent.ThreadPoolExecutor$Worker.run(ThreadPoolExecutor.java:628)
at java.base/java.lang.Thread.run(Thread.java:834)
... Removed 52 stack frames]]>
    </failure>
  </testcase> <!-- testTest12 -->
</testsuite> <!-- Gradle test -->
